Using pre-set license
Built from '2021.3/staging' branch; Version is '2021.3.13f1 (9e7d58001ecf) revision 10386776'; Using compiler version '192829333'; Build Type 'Release'
OS: 'Windows 11  (10.0.22000) 64bit CoreSingleLanguage' Language: 'tr' Physical Memory: 16241 MB
BatchMode: 1, IsHumanControllingUs: 0, StartBugReporterOnCrash: 0, Is64bit: 1, IsPro: 1

COMMAND LINE ARGUMENTS:
D:\Program Files (x86)\2021.3.13f1\Editor\Unity.exe
-adb2
-batchMode
-noUpm
-name
AssetImportWorker0
-projectPath
D:/masaüstü/unity/unity-gf1
-logFile
Logs/AssetImportWorker0.log
-srvPort
64454
Successfully changed project path to: D:/masaüstü/unity/unity-gf1
D:/masaüstü/unity/unity-gf1
[UnityMemory] Configuration Parameters - Can be set up in boot.config
    "memorysetup-bucket-allocator-granularity=16"
    "memorysetup-bucket-allocator-bucket-count=8"
    "memorysetup-bucket-allocator-block-size=33554432"
    "memorysetup-bucket-allocator-block-count=8"
    "memorysetup-main-allocator-block-size=16777216"
    "memorysetup-thread-allocator-block-size=16777216"
    "memorysetup-gfx-main-allocator-block-size=16777216"
    "memorysetup-gfx-thread-allocator-block-size=16777216"
    "memorysetup-cache-allocator-block-size=4194304"
    "memorysetup-typetree-allocator-block-size=2097152"
    "memorysetup-profiler-bucket-allocator-granularity=16"
    "memorysetup-profiler-bucket-allocator-bucket-count=8"
    "memorysetup-profiler-bucket-allocator-block-size=33554432"
    "memorysetup-profiler-bucket-allocator-block-count=8"
    "memorysetup-profiler-allocator-block-size=16777216"
    "memorysetup-profiler-editor-allocator-block-size=1048576"
    "memorysetup-temp-allocator-size-main=16777216"
    "memorysetup-job-temp-allocator-block-size=2097152"
    "memorysetup-job-temp-allocator-block-size-background=1048576"
    "memorysetup-job-temp-allocator-reduction-small-platforms=262144"
    "memorysetup-temp-allocator-size-background-worker=32768"
    "memorysetup-temp-allocator-size-job-worker=262144"
    "memorysetup-temp-allocator-size-preload-manager=33554432"
    "memorysetup-temp-allocator-size-nav-mesh-worker=65536"
    "memorysetup-temp-allocator-size-audio-worker=65536"
    "memorysetup-temp-allocator-size-cloud-worker=32768"
    "memorysetup-temp-allocator-size-gi-baking-worker=262144"
    "memorysetup-temp-allocator-size-gfx=262144"
Refreshing native plugins compatible for Editor in 30.19 ms, found 2 plugins.
Preloading 0 native plugins for Editor in 0.00 ms.
Initialize engine version: 2021.3.13f1 (9e7d58001ecf)
[Subsystems] Discovering subsystems at path D:/Program Files (x86)/2021.3.13f1/Editor/Data/Resources/UnitySubsystems
[Subsystems] Discovering subsystems at path D:/masaüstü/unity/unity-gf1/Assets
GfxDevice: creating device client; threaded=0; jobified=0
Direct3D:
    Version:  Direct3D 11.0 [level 11.1]
    Renderer: NVIDIA GeForce GTX 1650 (ID=0x1f91)
    Vendor:   NVIDIA
    VRAM:     3962 MB
    Driver:   31.0.15.1700
Initialize mono
Mono path[0] = 'D:/Program Files (x86)/2021.3.13f1/Editor/Data/Managed'
Mono path[1] = 'D:/Program Files (x86)/2021.3.13f1/Editor/Data/MonoBleedingEdge/lib/mono/unityjit-win32'
Mono config path = 'D:/Program Files (x86)/2021.3.13f1/Editor/Data/MonoBleedingEdge/etc'
Using monoOptions --debugger-agent=transport=dt_socket,embedding=1,server=y,suspend=n,address=127.0.0.1:56668
Begin MonoManager ReloadAssembly
Registering precompiled unity dll's ...
Register platform support module: D:/Program Files (x86)/2021.3.13f1/Editor/Data/PlaybackEngines/WebGLSupport/UnityEditor.WebGL.Extensions.dll
Register platform support module: D:/Program Files (x86)/2021.3.13f1/Editor/Data/PlaybackEngines/AndroidPlayer/UnityEditor.Android.Extensions.dll
Register platform support module: D:/Program Files (x86)/2021.3.13f1/Editor/Data/PlaybackEngines/WindowsStandaloneSupport/UnityEditor.WindowsStandalone.Extensions.dll
Registered in 0.002821 seconds.
Native extension for WindowsStandalone target not found
Native extension for Android target not found
Native extension for WebGL target not found
Refreshing native plugins compatible for Editor in 42.85 ms, found 2 plugins.
Preloading 0 native plugins for Editor in 0.00 ms.
Mono: successfully reloaded assembly
- Completed reload, in  0.875 seconds
Domain Reload Profiling:
	ReloadAssembly (875ms)
		BeginReloadAssembly (133ms)
			ExecutionOrderSort (0ms)
			DisableScriptedObjects (0ms)
			BackupInstance (0ms)
			ReleaseScriptingObjects (0ms)
			CreateAndSetChildDomain (1ms)
		EndReloadAssembly (600ms)
			LoadAssemblies (132ms)
			RebuildTransferFunctionScriptingTraits (0ms)
			SetupTypeCache (137ms)
			ReleaseScriptCaches (0ms)
			RebuildScriptCaches (47ms)
			SetupLoadedEditorAssemblies (346ms)
				LogAssemblyErrors (0ms)
				InitializePlatformSupportModulesInManaged (90ms)
				SetLoadedEditorAssemblies (0ms)
				RefreshPlugins (43ms)
				BeforeProcessingInitializeOnLoad (2ms)
				ProcessInitializeOnLoadAttributes (149ms)
				ProcessInitializeOnLoadMethodAttributes (61ms)
				AfterProcessingInitializeOnLoad (0ms)
				EditorAssembliesLoaded (0ms)
			ExecutionOrderSort2 (0ms)
			AwakeInstancesAfterBackupRestoration (0ms)
Platform modules already initialized, skipping
Registering precompiled user dll's ...
Registered in 0.003664 seconds.
Begin MonoManager ReloadAssembly
Native extension for WindowsStandalone target not found
Native extension for Android target not found
Native extension for WebGL target not found
Refreshing native plugins compatible for Editor in 0.39 ms, found 2 plugins.
Preloading 0 native plugins for Editor in 0.00 ms.
Mono: successfully reloaded assembly
- Completed reload, in  1.205 seconds
Domain Reload Profiling:
	ReloadAssembly (1206ms)
		BeginReloadAssembly (295ms)
			ExecutionOrderSort (0ms)
			DisableScriptedObjects (6ms)
			BackupInstance (0ms)
			ReleaseScriptingObjects (0ms)
			CreateAndSetChildDomain (162ms)
		EndReloadAssembly (772ms)
			LoadAssemblies (118ms)
			RebuildTransferFunctionScriptingTraits (0ms)
			SetupTypeCache (242ms)
			ReleaseScriptCaches (0ms)
			RebuildScriptCaches (48ms)
			SetupLoadedEditorAssemblies (353ms)
				LogAssemblyErrors (0ms)
				InitializePlatformSupportModulesInManaged (17ms)
				SetLoadedEditorAssemblies (1ms)
				RefreshPlugins (0ms)
				BeforeProcessingInitializeOnLoad (52ms)
				ProcessInitializeOnLoadAttributes (245ms)
				ProcessInitializeOnLoadMethodAttributes (34ms)
				AfterProcessingInitializeOnLoad (4ms)
				EditorAssembliesLoaded (0ms)
			ExecutionOrderSort2 (0ms)
			AwakeInstancesAfterBackupRestoration (7ms)
Platform modules already initialized, skipping
========================================================================
Worker process is ready to serve import requests
Launched and connected shader compiler UnityShaderCompiler.exe after 0.05 seconds
Refreshing native plugins compatible for Editor in 0.39 ms, found 2 plugins.
Preloading 0 native plugins for Editor in 0.00 ms.
Unloading 1678 Unused Serialized files (Serialized files now loaded: 0)
Unloading 19 unused Assets / (48.4 KB). Loaded Objects now: 2147.
Memory consumption went from 73.9 MB to 73.8 MB.
Total: 3.542300 ms (FindLiveObjects: 0.426000 ms CreateObjectMapping: 0.111700 ms MarkObjects: 2.913600 ms  DeleteObjects: 0.089000 ms)

AssetImportParameters requested are different than current active one (requested -> active):
  custom:video-decoder-ogg-theora: a1e56fd34408186e4bbccfd4996cb3dc -> 
  custom:container-muxer-webm: aa71ff27fc2769a1b78a27578f13a17b -> 
  custom:container-demuxer-webm: 4f35f7cbe854078d1ac9338744f61a02 -> 
  custom:video-encoder-webm-vp8: eb34c28f22e8b96e1ab97ce403110664 -> 
  custom:audio-encoder-webm-vorbis: bf7c407c2cedff20999df2af8eb42d56 -> 
  custom:framework-win-MediaFoundation: 216162199b28c13a410421893ffa2e32 -> 
  custom:container-demuxer-ogg: 62fdf1f143b41e24485cea50d1cbac27 -> 
  custom:video-decoder-webm-vp8: 9c59270c3fd7afecdb556c50c9e8de78 -> 
  custom:audio-decoder-ogg-vorbis: bf7c407c2cedff20999df2af8eb42d56 -> 
========================================================================
Received Import Request.
  Time since last request: 2097217.840492 seconds.
  path: Assets/Prefabs/ExplodeEnemyEffect.prefab
  artifactKey: Guid(ab7c30bf0c7ba4a4dbfa7571dfb48a87) Importer(815301076,1909f56bfc062723c751e8b465ee728b)
Start importing Assets/Prefabs/ExplodeEnemyEffect.prefab using Guid(ab7c30bf0c7ba4a4dbfa7571dfb48a87) Importer(815301076,1909f56bfc062723c751e8b465ee728b)  -> (artifact id: '1be110635ebb909bba359fc4f3fa2d80') in 0.245491 seconds 
========================================================================
Received Import Request.
  Time since last request: 3.363686 seconds.
  path: Assets/Prefabs/ExplodeEnemyEffect.prefab
  artifactKey: Guid(ab7c30bf0c7ba4a4dbfa7571dfb48a87) Importer(815301076,1909f56bfc062723c751e8b465ee728b)
Start importing Assets/Prefabs/ExplodeEnemyEffect.prefab using Guid(ab7c30bf0c7ba4a4dbfa7571dfb48a87) Importer(815301076,1909f56bfc062723c751e8b465ee728b)  -> (artifact id: '8ff313ba324d1f777b816dc703c23bee') in 0.009764 seconds 
========================================================================
Received Prepare
Registering precompiled user dll's ...
Registered in 0.004262 seconds.
Begin MonoManager ReloadAssembly
Native extension for WindowsStandalone target not found
Native extension for Android target not found
Native extension for WebGL target not found
Refreshing native plugins compatible for Editor in 0.64 ms, found 2 plugins.
Preloading 0 native plugins for Editor in 0.00 ms.
Mono: successfully reloaded assembly
- Completed reload, in  1.128 seconds
Domain Reload Profiling:
	ReloadAssembly (1129ms)
		BeginReloadAssembly (161ms)
			ExecutionOrderSort (0ms)
			DisableScriptedObjects (6ms)
			BackupInstance (0ms)
			ReleaseScriptingObjects (0ms)
			CreateAndSetChildDomain (36ms)
		EndReloadAssembly (849ms)
			LoadAssemblies (116ms)
			RebuildTransferFunctionScriptingTraits (0ms)
			SetupTypeCache (251ms)
			ReleaseScriptCaches (1ms)
			RebuildScriptCaches (53ms)
			SetupLoadedEditorAssemblies (398ms)
				LogAssemblyErrors (0ms)
				InitializePlatformSupportModulesInManaged (31ms)
				SetLoadedEditorAssemblies (1ms)
				RefreshPlugins (1ms)
				BeforeProcessingInitializeOnLoad (54ms)
				ProcessInitializeOnLoadAttributes (264ms)
				ProcessInitializeOnLoadMethodAttributes (43ms)
				AfterProcessingInitializeOnLoad (4ms)
				EditorAssembliesLoaded (0ms)
			ExecutionOrderSort2 (0ms)
			AwakeInstancesAfterBackupRestoration (8ms)
Platform modules already initialized, skipping
Refreshing native plugins compatible for Editor in 1.58 ms, found 2 plugins.
Preloading 0 native plugins for Editor in 0.00 ms.
Unloading 1659 Unused Serialized files (Serialized files now loaded: 0)
Unloading 12 unused Assets / (24.6 KB). Loaded Objects now: 2159.
Memory consumption went from 76.3 MB to 76.3 MB.
Total: 3.113800 ms (FindLiveObjects: 0.147800 ms CreateObjectMapping: 0.067400 ms MarkObjects: 2.867200 ms  DeleteObjects: 0.030100 ms)

AssetImportParameters requested are different than current active one (requested -> active):
  custom:video-decoder-ogg-theora: a1e56fd34408186e4bbccfd4996cb3dc -> 
  custom:container-muxer-webm: aa71ff27fc2769a1b78a27578f13a17b -> 
  custom:container-demuxer-webm: 4f35f7cbe854078d1ac9338744f61a02 -> 
  custom:video-encoder-webm-vp8: eb34c28f22e8b96e1ab97ce403110664 -> 
  custom:audio-encoder-webm-vorbis: bf7c407c2cedff20999df2af8eb42d56 -> 
  custom:framework-win-MediaFoundation: 216162199b28c13a410421893ffa2e32 -> 
  custom:container-demuxer-ogg: 62fdf1f143b41e24485cea50d1cbac27 -> 
  custom:video-decoder-webm-vp8: 9c59270c3fd7afecdb556c50c9e8de78 -> 
  custom:audio-decoder-ogg-vorbis: bf7c407c2cedff20999df2af8eb42d56 -> 
========================================================================
Received Import Request.
  Time since last request: 35.193098 seconds.
  path: Assets/Prefabs/Enemy.prefab
  artifactKey: Guid(fcde00db8aef0f44ca9071f68bca99b8) Importer(815301076,1909f56bfc062723c751e8b465ee728b)
Start importing Assets/Prefabs/Enemy.prefab using Guid(fcde00db8aef0f44ca9071f68bca99b8) Importer(815301076,1909f56bfc062723c751e8b465ee728b)  -> (artifact id: '4e624a5168bbcb8a8e3a6b275a24a17e') in 0.096234 seconds 
========================================================================
Received Import Request.
  Time since last request: 4.194818 seconds.
  path: Assets/Prefabs/ExplodeCoinEffect.prefab
  artifactKey: Guid(7cff8bc1801f6444a9c73ddf2e1f3d46) Importer(815301076,1909f56bfc062723c751e8b465ee728b)
Start importing Assets/Prefabs/ExplodeCoinEffect.prefab using Guid(7cff8bc1801f6444a9c73ddf2e1f3d46) Importer(815301076,1909f56bfc062723c751e8b465ee728b)  -> (artifact id: '44fefce0d6b20ed76349ef18fb53ae15') in 0.088097 seconds 
========================================================================
Received Import Request.
  Time since last request: 0.000019 seconds.
  path: Assets/Prefabs/Coin.prefab
  artifactKey: Guid(9f16d2b7e7a6a15478986e69962e3e1d) Importer(815301076,1909f56bfc062723c751e8b465ee728b)
Start importing Assets/Prefabs/Coin.prefab using Guid(9f16d2b7e7a6a15478986e69962e3e1d) Importer(815301076,1909f56bfc062723c751e8b465ee728b)  -> (artifact id: '62723afcd40c3079a1f16e71cd581a2d') in 0.036882 seconds 
========================================================================
Received Import Request.
  Time since last request: 5.683798 seconds.
  path: Assets/Prefabs/ExplodeCoinEffect.prefab
  artifactKey: Guid(7cff8bc1801f6444a9c73ddf2e1f3d46) Importer(815301076,1909f56bfc062723c751e8b465ee728b)
Start importing Assets/Prefabs/ExplodeCoinEffect.prefab using Guid(7cff8bc1801f6444a9c73ddf2e1f3d46) Importer(815301076,1909f56bfc062723c751e8b465ee728b)  -> (artifact id: '31529c3303f79a5e6ed8bd7d2e4e08b8') in 0.007008 seconds 
========================================================================
Received Import Request.
  Time since last request: 9.084995 seconds.
  path: Assets/Prefabs/Coin Bounce.prefab
  artifactKey: Guid(dcc42ab8cb8a5f44794b49cbda0566db) Importer(815301076,1909f56bfc062723c751e8b465ee728b)
Start importing Assets/Prefabs/Coin Bounce.prefab using Guid(dcc42ab8cb8a5f44794b49cbda0566db) Importer(815301076,1909f56bfc062723c751e8b465ee728b)  -> (artifact id: 'ba41c4721430ac26b2c1b20174475f74') in 0.012998 seconds 
========================================================================
Received Import Request.
  Time since last request: 7.680443 seconds.
  path: Assets/Prefabs/Coin Bounce.prefab
  artifactKey: Guid(dcc42ab8cb8a5f44794b49cbda0566db) Importer(815301076,1909f56bfc062723c751e8b465ee728b)
Start importing Assets/Prefabs/Coin Bounce.prefab using Guid(dcc42ab8cb8a5f44794b49cbda0566db) Importer(815301076,1909f56bfc062723c751e8b465ee728b)  -> (artifact id: 'cc2fce7a9fe669b13e70fc5e4b15229e') in 0.013196 seconds 
========================================================================
Received Import Request.
  Time since last request: 0.000016 seconds.
  path: Assets/Prefabs/ExplodeCoinEffect.prefab
  artifactKey: Guid(7cff8bc1801f6444a9c73ddf2e1f3d46) Importer(815301076,1909f56bfc062723c751e8b465ee728b)
Start importing Assets/Prefabs/ExplodeCoinEffect.prefab using Guid(7cff8bc1801f6444a9c73ddf2e1f3d46) Importer(815301076,1909f56bfc062723c751e8b465ee728b)  -> (artifact id: 'ed29db77ba2b683e7399a37ac7f90a06') in 0.020600 seconds 
========================================================================
Received Import Request.
  Time since last request: 10.956930 seconds.
  path: Assets/Prefabs/PlayerDeadEffect.prefab
  artifactKey: Guid(2828c74f60e047b45a39057528d9a5c9) Importer(815301076,1909f56bfc062723c751e8b465ee728b)
Start importing Assets/Prefabs/PlayerDeadEffect.prefab using Guid(2828c74f60e047b45a39057528d9a5c9) Importer(815301076,1909f56bfc062723c751e8b465ee728b)  -> (artifact id: '3de038173f38c683a31fe8b16f9545d4') in 0.012741 seconds 
========================================================================
Received Import Request.
  Time since last request: 3.845658 seconds.
  path: Assets/Prefabs/PlayerDeadEffect.prefab
  artifactKey: Guid(2828c74f60e047b45a39057528d9a5c9) Importer(815301076,1909f56bfc062723c751e8b465ee728b)
Start importing Assets/Prefabs/PlayerDeadEffect.prefab using Guid(2828c74f60e047b45a39057528d9a5c9) Importer(815301076,1909f56bfc062723c751e8b465ee728b)  -> (artifact id: 'cdf8202afc1a9368d20d1d8be8298400') in 0.009349 seconds 
========================================================================
Received Import Request.
  Time since last request: 7.313095 seconds.
  path: Assets/Prefabs/PlayerDeadEffect.prefab
  artifactKey: Guid(2828c74f60e047b45a39057528d9a5c9) Importer(815301076,1909f56bfc062723c751e8b465ee728b)
Start importing Assets/Prefabs/PlayerDeadEffect.prefab using Guid(2828c74f60e047b45a39057528d9a5c9) Importer(815301076,1909f56bfc062723c751e8b465ee728b)  -> (artifact id: '7a8536927f768cffcd6070e11cb6eeb9') in 0.009400 seconds 
========================================================================
Received Prepare
Registering precompiled user dll's ...
Registered in 0.004440 seconds.
Begin MonoManager ReloadAssembly
Native extension for WindowsStandalone target not found
Native extension for Android target not found
Native extension for WebGL target not found
Refreshing native plugins compatible for Editor in 0.50 ms, found 2 plugins.
Preloading 0 native plugins for Editor in 0.00 ms.
Mono: successfully reloaded assembly
- Completed reload, in  1.195 seconds
Domain Reload Profiling:
	ReloadAssembly (1196ms)
		BeginReloadAssembly (176ms)
			ExecutionOrderSort (0ms)
			DisableScriptedObjects (7ms)
			BackupInstance (0ms)
			ReleaseScriptingObjects (0ms)
			CreateAndSetChildDomain (38ms)
		EndReloadAssembly (897ms)
			LoadAssemblies (123ms)
			RebuildTransferFunctionScriptingTraits (0ms)
			SetupTypeCache (259ms)
			ReleaseScriptCaches (1ms)
			RebuildScriptCaches (55ms)
			SetupLoadedEditorAssemblies (435ms)
				LogAssemblyErrors (0ms)
				InitializePlatformSupportModulesInManaged (27ms)
				SetLoadedEditorAssemblies (1ms)
				RefreshPlugins (1ms)
				BeforeProcessingInitializeOnLoad (64ms)
				ProcessInitializeOnLoadAttributes (288ms)
				ProcessInitializeOnLoadMethodAttributes (50ms)
				AfterProcessingInitializeOnLoad (4ms)
				EditorAssembliesLoaded (0ms)
			ExecutionOrderSort2 (0ms)
			AwakeInstancesAfterBackupRestoration (10ms)
Platform modules already initialized, skipping
Refreshing native plugins compatible for Editor in 1.73 ms, found 2 plugins.
Preloading 0 native plugins for Editor in 0.00 ms.
Unloading 1659 Unused Serialized files (Serialized files now loaded: 0)
Unloading 13 unused Assets / (25.4 KB). Loaded Objects now: 2163.
Memory consumption went from 76.4 MB to 76.4 MB.
Total: 2.586600 ms (FindLiveObjects: 0.132400 ms CreateObjectMapping: 0.053900 ms MarkObjects: 2.379800 ms  DeleteObjects: 0.019800 ms)

AssetImportParameters requested are different than current active one (requested -> active):
  custom:video-decoder-ogg-theora: a1e56fd34408186e4bbccfd4996cb3dc -> 
  custom:container-muxer-webm: aa71ff27fc2769a1b78a27578f13a17b -> 
  custom:container-demuxer-webm: 4f35f7cbe854078d1ac9338744f61a02 -> 
  custom:video-encoder-webm-vp8: eb34c28f22e8b96e1ab97ce403110664 -> 
  custom:audio-encoder-webm-vorbis: bf7c407c2cedff20999df2af8eb42d56 -> 
  custom:framework-win-MediaFoundation: 216162199b28c13a410421893ffa2e32 -> 
  custom:container-demuxer-ogg: 62fdf1f143b41e24485cea50d1cbac27 -> 
  custom:video-decoder-webm-vp8: 9c59270c3fd7afecdb556c50c9e8de78 -> 
  custom:audio-decoder-ogg-vorbis: bf7c407c2cedff20999df2af8eb42d56 -> 
========================================================================
Received Prepare
Registering precompiled user dll's ...
Registered in 0.004236 seconds.
Begin MonoManager ReloadAssembly
Native extension for WindowsStandalone target not found
Native extension for Android target not found
Native extension for WebGL target not found
Refreshing native plugins compatible for Editor in 0.59 ms, found 2 plugins.
Preloading 0 native plugins for Editor in 0.00 ms.
Mono: successfully reloaded assembly
- Completed reload, in  1.166 seconds
Domain Reload Profiling:
	ReloadAssembly (1166ms)
		BeginReloadAssembly (156ms)
			ExecutionOrderSort (0ms)
			DisableScriptedObjects (6ms)
			BackupInstance (0ms)
			ReleaseScriptingObjects (0ms)
			CreateAndSetChildDomain (32ms)
		EndReloadAssembly (893ms)
			LoadAssemblies (110ms)
			RebuildTransferFunctionScriptingTraits (0ms)
			SetupTypeCache (269ms)
			ReleaseScriptCaches (1ms)
			RebuildScriptCaches (44ms)
			SetupLoadedEditorAssemblies (438ms)
				LogAssemblyErrors (0ms)
				InitializePlatformSupportModulesInManaged (28ms)
				SetLoadedEditorAssemblies (1ms)
				RefreshPlugins (1ms)
				BeforeProcessingInitializeOnLoad (60ms)
				ProcessInitializeOnLoadAttributes (298ms)
				ProcessInitializeOnLoadMethodAttributes (47ms)
				AfterProcessingInitializeOnLoad (3ms)
				EditorAssembliesLoaded (0ms)
			ExecutionOrderSort2 (0ms)
			AwakeInstancesAfterBackupRestoration (9ms)
Platform modules already initialized, skipping
Refreshing native plugins compatible for Editor in 1.37 ms, found 2 plugins.
Preloading 0 native plugins for Editor in 0.00 ms.
Unloading 1659 Unused Serialized files (Serialized files now loaded: 0)
Unloading 12 unused Assets / (24.6 KB). Loaded Objects now: 2166.
Memory consumption went from 76.4 MB to 76.4 MB.
Total: 2.894100 ms (FindLiveObjects: 0.152400 ms CreateObjectMapping: 0.096100 ms MarkObjects: 2.618600 ms  DeleteObjects: 0.026100 ms)

AssetImportParameters requested are different than current active one (requested -> active):
  custom:video-decoder-ogg-theora: a1e56fd34408186e4bbccfd4996cb3dc -> 
  custom:container-muxer-webm: aa71ff27fc2769a1b78a27578f13a17b -> 
  custom:container-demuxer-webm: 4f35f7cbe854078d1ac9338744f61a02 -> 
  custom:video-encoder-webm-vp8: eb34c28f22e8b96e1ab97ce403110664 -> 
  custom:audio-encoder-webm-vorbis: bf7c407c2cedff20999df2af8eb42d56 -> 
  custom:framework-win-MediaFoundation: 216162199b28c13a410421893ffa2e32 -> 
  custom:container-demuxer-ogg: 62fdf1f143b41e24485cea50d1cbac27 -> 
  custom:video-decoder-webm-vp8: 9c59270c3fd7afecdb556c50c9e8de78 -> 
  custom:audio-decoder-ogg-vorbis: bf7c407c2cedff20999df2af8eb42d56 -> 
========================================================================
Received Prepare
Registering precompiled user dll's ...
Registered in 0.004130 seconds.
Begin MonoManager ReloadAssembly
Native extension for WindowsStandalone target not found
Native extension for Android target not found
Native extension for WebGL target not found
Refreshing native plugins compatible for Editor in 0.36 ms, found 2 plugins.
Preloading 0 native plugins for Editor in 0.00 ms.
Mono: successfully reloaded assembly
- Completed reload, in  1.167 seconds
Domain Reload Profiling:
	ReloadAssembly (1169ms)
		BeginReloadAssembly (174ms)
			ExecutionOrderSort (0ms)
			DisableScriptedObjects (8ms)
			BackupInstance (0ms)
			ReleaseScriptingObjects (0ms)
			CreateAndSetChildDomain (36ms)
		EndReloadAssembly (875ms)
			LoadAssemblies (124ms)
			RebuildTransferFunctionScriptingTraits (0ms)
			SetupTypeCache (255ms)
			ReleaseScriptCaches (1ms)
			RebuildScriptCaches (53ms)
			SetupLoadedEditorAssemblies (419ms)
				LogAssemblyErrors (0ms)
				InitializePlatformSupportModulesInManaged (26ms)
				SetLoadedEditorAssemblies (1ms)
				RefreshPlugins (0ms)
				BeforeProcessingInitializeOnLoad (57ms)
				ProcessInitializeOnLoadAttributes (283ms)
				ProcessInitializeOnLoadMethodAttributes (48ms)
				AfterProcessingInitializeOnLoad (4ms)
				EditorAssembliesLoaded (0ms)
			ExecutionOrderSort2 (0ms)
			AwakeInstancesAfterBackupRestoration (9ms)
Platform modules already initialized, skipping
Refreshing native plugins compatible for Editor in 1.26 ms, found 2 plugins.
Preloading 0 native plugins for Editor in 0.00 ms.
Unloading 1659 Unused Serialized files (Serialized files now loaded: 0)
Unloading 12 unused Assets / (24.7 KB). Loaded Objects now: 2169.
Memory consumption went from 76.4 MB to 76.4 MB.
Total: 3.538700 ms (FindLiveObjects: 0.142800 ms CreateObjectMapping: 0.071200 ms MarkObjects: 3.302300 ms  DeleteObjects: 0.021400 ms)

AssetImportParameters requested are different than current active one (requested -> active):
  custom:video-decoder-ogg-theora: a1e56fd34408186e4bbccfd4996cb3dc -> 
  custom:container-muxer-webm: aa71ff27fc2769a1b78a27578f13a17b -> 
  custom:container-demuxer-webm: 4f35f7cbe854078d1ac9338744f61a02 -> 
  custom:video-encoder-webm-vp8: eb34c28f22e8b96e1ab97ce403110664 -> 
  custom:audio-encoder-webm-vorbis: bf7c407c2cedff20999df2af8eb42d56 -> 
  custom:framework-win-MediaFoundation: 216162199b28c13a410421893ffa2e32 -> 
  custom:container-demuxer-ogg: 62fdf1f143b41e24485cea50d1cbac27 -> 
  custom:video-decoder-webm-vp8: 9c59270c3fd7afecdb556c50c9e8de78 -> 
  custom:audio-decoder-ogg-vorbis: bf7c407c2cedff20999df2af8eb42d56 -> 
========================================================================
Received Import Request.
  Time since last request: 500.282734 seconds.
  path: Assets/Scripts/ScoreManager.cs
  artifactKey: Guid(f46bc4c343ac36f4e9644df18984b851) Importer(815301076,1909f56bfc062723c751e8b465ee728b)
Start importing Assets/Scripts/ScoreManager.cs using Guid(f46bc4c343ac36f4e9644df18984b851) Importer(815301076,1909f56bfc062723c751e8b465ee728b)  -> (artifact id: '09ae492e47bf375f38b10edae49640c7') in 0.020708 seconds 
========================================================================
Received Import Request.
  Time since last request: 0.225677 seconds.
  path: Assets/Scripts/TimeManager.cs
  artifactKey: Guid(7e3e47f4a008e3d4290742dec7522f20) Importer(815301076,1909f56bfc062723c751e8b465ee728b)
Start importing Assets/Scripts/TimeManager.cs using Guid(7e3e47f4a008e3d4290742dec7522f20) Importer(815301076,1909f56bfc062723c751e8b465ee728b)  -> (artifact id: '5d6a8bb67cd926946beabaa5966c6dd7') in 0.004979 seconds 
========================================================================
Received Import Request.
  Time since last request: 0.328689 seconds.
  path: Assets/Scripts/SpawnManager.cs
  artifactKey: Guid(6e5661b3b3a9db747a4b35d997819a08) Importer(815301076,1909f56bfc062723c751e8b465ee728b)
Start importing Assets/Scripts/SpawnManager.cs using Guid(6e5661b3b3a9db747a4b35d997819a08) Importer(815301076,1909f56bfc062723c751e8b465ee728b)  -> (artifact id: '77e0de0c7d47ccd0968a58360ed9c412') in 0.005981 seconds 
========================================================================
Received Import Request.
  Time since last request: 0.299655 seconds.
  path: Assets/Scripts/Movement.cs
  artifactKey: Guid(4787df9408981f942999a3d9edee834d) Importer(815301076,1909f56bfc062723c751e8b465ee728b)
Start importing Assets/Scripts/Movement.cs using Guid(4787df9408981f942999a3d9edee834d) Importer(815301076,1909f56bfc062723c751e8b465ee728b)  -> (artifact id: 'f6ce1250fdf6da314b57f6762e112f59') in 0.005276 seconds 
========================================================================
Received Import Request.
  Time since last request: 0.681602 seconds.
  path: Assets/Scripts/FallDetect.cs
  artifactKey: Guid(f45f1a96be65ea14e8b6dbeecafec5bc) Importer(815301076,1909f56bfc062723c751e8b465ee728b)
Start importing Assets/Scripts/FallDetect.cs using Guid(f45f1a96be65ea14e8b6dbeecafec5bc) Importer(815301076,1909f56bfc062723c751e8b465ee728b)  -> (artifact id: 'b3e9fa40e173e9105e5fccfd2f361514') in 0.005714 seconds 
========================================================================
Received Import Request.
  Time since last request: 0.334278 seconds.
  path: Assets/Scripts/Enemy.cs
  artifactKey: Guid(6ff74d435efb9ab468d1a08d3aae11c8) Importer(815301076,1909f56bfc062723c751e8b465ee728b)
Start importing Assets/Scripts/Enemy.cs using Guid(6ff74d435efb9ab468d1a08d3aae11c8) Importer(815301076,1909f56bfc062723c751e8b465ee728b)  -> (artifact id: '1a02cd258633c105e6329760234451ea') in 0.002303 seconds 
========================================================================
Received Import Request.
  Time since last request: 0.443966 seconds.
  path: Assets/Scripts/CamFollow.cs
  artifactKey: Guid(79a1c0a14b4e844419929c1ff62b7629) Importer(815301076,1909f56bfc062723c751e8b465ee728b)
Start importing Assets/Scripts/CamFollow.cs using Guid(79a1c0a14b4e844419929c1ff62b7629) Importer(815301076,1909f56bfc062723c751e8b465ee728b)  -> (artifact id: 'd12e7e6b8d1a8b73a38280653d224ab9') in 0.152733 seconds 
========================================================================
Received Import Request.
  Time since last request: 5.660689 seconds.
  path: Assets/Scripts/blocks.cs
  artifactKey: Guid(322839ccf9bb6d54bb1178d7d3e4a2f4) Importer(815301076,1909f56bfc062723c751e8b465ee728b)
Start importing Assets/Scripts/blocks.cs using Guid(322839ccf9bb6d54bb1178d7d3e4a2f4) Importer(815301076,1909f56bfc062723c751e8b465ee728b)  -> (artifact id: '0a976cba0914439e6835c413b70c3f8c') in 0.051097 seconds 
========================================================================
Received Prepare
Registering precompiled user dll's ...
Registered in 0.003711 seconds.
Begin MonoManager ReloadAssembly
Native extension for WindowsStandalone target not found
Native extension for Android target not found
Native extension for WebGL target not found
Refreshing native plugins compatible for Editor in 0.35 ms, found 2 plugins.
Preloading 0 native plugins for Editor in 0.00 ms.
Mono: successfully reloaded assembly
- Completed reload, in  1.151 seconds
Domain Reload Profiling:
	ReloadAssembly (1152ms)
		BeginReloadAssembly (166ms)
			ExecutionOrderSort (0ms)
			DisableScriptedObjects (7ms)
			BackupInstance (0ms)
			ReleaseScriptingObjects (0ms)
			CreateAndSetChildDomain (34ms)
		EndReloadAssembly (867ms)
			LoadAssemblies (119ms)
			RebuildTransferFunctionScriptingTraits (0ms)
			SetupTypeCache (249ms)
			ReleaseScriptCaches (1ms)
			RebuildScriptCaches (43ms)
			SetupLoadedEditorAssemblies (421ms)
				LogAssemblyErrors (0ms)
				InitializePlatformSupportModulesInManaged (30ms)
				SetLoadedEditorAssemblies (0ms)
				RefreshPlugins (0ms)
				BeforeProcessingInitializeOnLoad (59ms)
				ProcessInitializeOnLoadAttributes (282ms)
				ProcessInitializeOnLoadMethodAttributes (46ms)
				AfterProcessingInitializeOnLoad (4ms)
				EditorAssembliesLoaded (0ms)
			ExecutionOrderSort2 (0ms)
			AwakeInstancesAfterBackupRestoration (10ms)
Platform modules already initialized, skipping
Refreshing native plugins compatible for Editor in 1.42 ms, found 2 plugins.
Preloading 0 native plugins for Editor in 0.00 ms.
Unloading 1659 Unused Serialized files (Serialized files now loaded: 0)
Unloading 12 unused Assets / (24.7 KB). Loaded Objects now: 2172.
Memory consumption went from 76.4 MB to 76.4 MB.
Total: 3.163900 ms (FindLiveObjects: 0.147200 ms CreateObjectMapping: 0.076100 ms MarkObjects: 2.918000 ms  DeleteObjects: 0.021600 ms)

AssetImportParameters requested are different than current active one (requested -> active):
  custom:video-decoder-ogg-theora: a1e56fd34408186e4bbccfd4996cb3dc -> 
  custom:container-muxer-webm: aa71ff27fc2769a1b78a27578f13a17b -> 
  custom:container-demuxer-webm: 4f35f7cbe854078d1ac9338744f61a02 -> 
  custom:video-encoder-webm-vp8: eb34c28f22e8b96e1ab97ce403110664 -> 
  custom:audio-encoder-webm-vorbis: bf7c407c2cedff20999df2af8eb42d56 -> 
  custom:framework-win-MediaFoundation: 216162199b28c13a410421893ffa2e32 -> 
  custom:container-demuxer-ogg: 62fdf1f143b41e24485cea50d1cbac27 -> 
  custom:video-decoder-webm-vp8: 9c59270c3fd7afecdb556c50c9e8de78 -> 
  custom:audio-decoder-ogg-vorbis: bf7c407c2cedff20999df2af8eb42d56 -> 
========================================================================
Received Prepare
Registering precompiled user dll's ...
Registered in 0.003206 seconds.
Begin MonoManager ReloadAssembly
Native extension for WindowsStandalone target not found
Native extension for Android target not found
Native extension for WebGL target not found
Refreshing native plugins compatible for Editor in 0.55 ms, found 2 plugins.
Preloading 0 native plugins for Editor in 0.00 ms.
Mono: successfully reloaded assembly
- Completed reload, in  1.143 seconds
Domain Reload Profiling:
	ReloadAssembly (1144ms)
		BeginReloadAssembly (159ms)
			ExecutionOrderSort (0ms)
			DisableScriptedObjects (7ms)
			BackupInstance (0ms)
			ReleaseScriptingObjects (0ms)
			CreateAndSetChildDomain (37ms)
		EndReloadAssembly (872ms)
			LoadAssemblies (109ms)
			RebuildTransferFunctionScriptingTraits (0ms)
			SetupTypeCache (231ms)
			ReleaseScriptCaches (1ms)
			RebuildScriptCaches (43ms)
			SetupLoadedEditorAssemblies (438ms)
				LogAssemblyErrors (0ms)
				InitializePlatformSupportModulesInManaged (32ms)
				SetLoadedEditorAssemblies (1ms)
				RefreshPlugins (1ms)
				BeforeProcessingInitializeOnLoad (61ms)
				ProcessInitializeOnLoadAttributes (293ms)
				ProcessInitializeOnLoadMethodAttributes (46ms)
				AfterProcessingInitializeOnLoad (4ms)
				EditorAssembliesLoaded (0ms)
			ExecutionOrderSort2 (0ms)
			AwakeInstancesAfterBackupRestoration (9ms)
Platform modules already initialized, skipping
Refreshing native plugins compatible for Editor in 1.53 ms, found 2 plugins.
Preloading 0 native plugins for Editor in 0.00 ms.
Unloading 1659 Unused Serialized files (Serialized files now loaded: 0)
Unloading 12 unused Assets / (24.7 KB). Loaded Objects now: 2175.
Memory consumption went from 76.4 MB to 76.4 MB.
Total: 3.804800 ms (FindLiveObjects: 0.241600 ms CreateObjectMapping: 0.116200 ms MarkObjects: 3.418100 ms  DeleteObjects: 0.027500 ms)

AssetImportParameters requested are different than current active one (requested -> active):
  custom:video-decoder-ogg-theora: a1e56fd34408186e4bbccfd4996cb3dc -> 
  custom:container-muxer-webm: aa71ff27fc2769a1b78a27578f13a17b -> 
  custom:container-demuxer-webm: 4f35f7cbe854078d1ac9338744f61a02 -> 
  custom:video-encoder-webm-vp8: eb34c28f22e8b96e1ab97ce403110664 -> 
  custom:audio-encoder-webm-vorbis: bf7c407c2cedff20999df2af8eb42d56 -> 
  custom:framework-win-MediaFoundation: 216162199b28c13a410421893ffa2e32 -> 
  custom:container-demuxer-ogg: 62fdf1f143b41e24485cea50d1cbac27 -> 
  custom:video-decoder-webm-vp8: 9c59270c3fd7afecdb556c50c9e8de78 -> 
  custom:audio-decoder-ogg-vorbis: bf7c407c2cedff20999df2af8eb42d56 -> 
========================================================================
Received Import Request.
  Time since last request: 129.532573 seconds.
  path: Assets/Scripts/Destroyer.cs
  artifactKey: Guid(97838a890f610c648a5ea77e00a2f9dd) Importer(815301076,1909f56bfc062723c751e8b465ee728b)
Start importing Assets/Scripts/Destroyer.cs using Guid(97838a890f610c648a5ea77e00a2f9dd) Importer(815301076,1909f56bfc062723c751e8b465ee728b)  -> (artifact id: 'b3cb9f254e048c638ae92b8accd304fa') in 0.009861 seconds 
========================================================================
Received Import Request.
  Time since last request: 33.084727 seconds.
  path: Assets/Scripts/Destroyer.cs
  artifactKey: Guid(97838a890f610c648a5ea77e00a2f9dd) Importer(815301076,1909f56bfc062723c751e8b465ee728b)
Start importing Assets/Scripts/Destroyer.cs using Guid(97838a890f610c648a5ea77e00a2f9dd) Importer(815301076,1909f56bfc062723c751e8b465ee728b)  -> (artifact id: '33069932e34dfcd78fb61ac1cdc5e19a') in 0.002212 seconds 
========================================================================
Received Import Request.
  Time since last request: 4.946119 seconds.
  path: Assets/Scripts/Destroyer.cs
  artifactKey: Guid(97838a890f610c648a5ea77e00a2f9dd) Importer(815301076,1909f56bfc062723c751e8b465ee728b)
Start importing Assets/Scripts/Destroyer.cs using Guid(97838a890f610c648a5ea77e00a2f9dd) Importer(815301076,1909f56bfc062723c751e8b465ee728b)  -> (artifact id: 'c4edb686fd3048686ceb4771a314b6a9') in 0.002476 seconds 
========================================================================
Received Prepare
Registering precompiled user dll's ...
Registered in 0.005636 seconds.
Begin MonoManager ReloadAssembly
Native extension for WindowsStandalone target not found
Native extension for Android target not found
Native extension for WebGL target not found
Refreshing native plugins compatible for Editor in 0.68 ms, found 2 plugins.
Preloading 0 native plugins for Editor in 0.00 ms.
Mono: successfully reloaded assembly
- Completed reload, in  1.272 seconds
Domain Reload Profiling:
	ReloadAssembly (1273ms)
		BeginReloadAssembly (189ms)
			ExecutionOrderSort (0ms)
			DisableScriptedObjects (11ms)
			BackupInstance (0ms)
			ReleaseScriptingObjects (0ms)
			CreateAndSetChildDomain (43ms)
		EndReloadAssembly (938ms)
			LoadAssemblies (132ms)
			RebuildTransferFunctionScriptingTraits (0ms)
			SetupTypeCache (283ms)
			ReleaseScriptCaches (2ms)
			RebuildScriptCaches (71ms)
			SetupLoadedEditorAssemblies (407ms)
				LogAssemblyErrors (0ms)
				InitializePlatformSupportModulesInManaged (35ms)
				SetLoadedEditorAssemblies (1ms)
				RefreshPlugins (1ms)
				BeforeProcessingInitializeOnLoad (65ms)
				ProcessInitializeOnLoadAttributes (265ms)
				ProcessInitializeOnLoadMethodAttributes (38ms)
				AfterProcessingInitializeOnLoad (2ms)
				EditorAssembliesLoaded (0ms)
			ExecutionOrderSort2 (0ms)
			AwakeInstancesAfterBackupRestoration (8ms)
Platform modules already initialized, skipping
Refreshing native plugins compatible for Editor in 2.54 ms, found 2 plugins.
Preloading 0 native plugins for Editor in 0.00 ms.
Unloading 1660 Unused Serialized files (Serialized files now loaded: 0)
Unloading 12 unused Assets / (24.6 KB). Loaded Objects now: 2179.
Memory consumption went from 76.4 MB to 76.4 MB.
Total: 3.118000 ms (FindLiveObjects: 0.162800 ms CreateObjectMapping: 0.085500 ms MarkObjects: 2.836500 ms  DeleteObjects: 0.032100 ms)

AssetImportParameters requested are different than current active one (requested -> active):
  custom:video-decoder-ogg-theora: a1e56fd34408186e4bbccfd4996cb3dc -> 
  custom:container-muxer-webm: aa71ff27fc2769a1b78a27578f13a17b -> 
  custom:container-demuxer-webm: 4f35f7cbe854078d1ac9338744f61a02 -> 
  custom:video-encoder-webm-vp8: eb34c28f22e8b96e1ab97ce403110664 -> 
  custom:audio-encoder-webm-vorbis: bf7c407c2cedff20999df2af8eb42d56 -> 
  custom:framework-win-MediaFoundation: 216162199b28c13a410421893ffa2e32 -> 
  custom:container-demuxer-ogg: 62fdf1f143b41e24485cea50d1cbac27 -> 
  custom:video-decoder-webm-vp8: 9c59270c3fd7afecdb556c50c9e8de78 -> 
  custom:audio-decoder-ogg-vorbis: bf7c407c2cedff20999df2af8eb42d56 -> 
========================================================================
Received Import Request.
  Time since last request: 38.650992 seconds.
  path: Assets/Prefabs/PlayerDeadEffect.prefab
  artifactKey: Guid(2828c74f60e047b45a39057528d9a5c9) Importer(815301076,1909f56bfc062723c751e8b465ee728b)
Start importing Assets/Prefabs/PlayerDeadEffect.prefab using Guid(2828c74f60e047b45a39057528d9a5c9) Importer(815301076,1909f56bfc062723c751e8b465ee728b)  -> (artifact id: 'd750b71e8e2d10d83a85c7958743d4de') in 0.093076 seconds 
========================================================================
Received Prepare
Registering precompiled user dll's ...
Registered in 0.004563 seconds.
Begin MonoManager ReloadAssembly
Native extension for WindowsStandalone target not found
Native extension for Android target not found
Native extension for WebGL target not found
Refreshing native plugins compatible for Editor in 1.11 ms, found 2 plugins.
Preloading 0 native plugins for Editor in 0.00 ms.
Mono: successfully reloaded assembly
- Completed reload, in  1.227 seconds
Domain Reload Profiling:
	ReloadAssembly (1228ms)
		BeginReloadAssembly (175ms)
			ExecutionOrderSort (0ms)
			DisableScriptedObjects (7ms)
			BackupInstance (0ms)
			ReleaseScriptingObjects (0ms)
			CreateAndSetChildDomain (39ms)
		EndReloadAssembly (919ms)
			LoadAssemblies (122ms)
			RebuildTransferFunctionScriptingTraits (0ms)
			SetupTypeCache (248ms)
			ReleaseScriptCaches (1ms)
			RebuildScriptCaches (51ms)
			SetupLoadedEditorAssemblies (459ms)
				LogAssemblyErrors (0ms)
				InitializePlatformSupportModulesInManaged (33ms)
				SetLoadedEditorAssemblies (1ms)
				RefreshPlugins (1ms)
				BeforeProcessingInitializeOnLoad (63ms)
				ProcessInitializeOnLoadAttributes (309ms)
				ProcessInitializeOnLoadMethodAttributes (49ms)
				AfterProcessingInitializeOnLoad (3ms)
				EditorAssembliesLoaded (0ms)
			ExecutionOrderSort2 (0ms)
			AwakeInstancesAfterBackupRestoration (9ms)
Platform modules already initialized, skipping
Refreshing native plugins compatible for Editor in 1.44 ms, found 2 plugins.
Preloading 0 native plugins for Editor in 0.00 ms.
Unloading 1660 Unused Serialized files (Serialized files now loaded: 0)
Unloading 12 unused Assets / (24.6 KB). Loaded Objects now: 2182.
Memory consumption went from 76.5 MB to 76.4 MB.
Total: 3.027400 ms (FindLiveObjects: 0.154900 ms CreateObjectMapping: 0.071700 ms MarkObjects: 2.776300 ms  DeleteObjects: 0.023200 ms)

AssetImportParameters requested are different than current active one (requested -> active):
  custom:video-decoder-ogg-theora: a1e56fd34408186e4bbccfd4996cb3dc -> 
  custom:container-muxer-webm: aa71ff27fc2769a1b78a27578f13a17b -> 
  custom:container-demuxer-webm: 4f35f7cbe854078d1ac9338744f61a02 -> 
  custom:video-encoder-webm-vp8: eb34c28f22e8b96e1ab97ce403110664 -> 
  custom:audio-encoder-webm-vorbis: bf7c407c2cedff20999df2af8eb42d56 -> 
  custom:framework-win-MediaFoundation: 216162199b28c13a410421893ffa2e32 -> 
  custom:container-demuxer-ogg: 62fdf1f143b41e24485cea50d1cbac27 -> 
  custom:video-decoder-webm-vp8: 9c59270c3fd7afecdb556c50c9e8de78 -> 
  custom:audio-decoder-ogg-vorbis: bf7c407c2cedff20999df2af8eb42d56 -> 
========================================================================
Received Import Request.
  Time since last request: 45.177645 seconds.
  path: Assets/Prefabs/Coin Bounce.prefab
  artifactKey: Guid(dcc42ab8cb8a5f44794b49cbda0566db) Importer(815301076,1909f56bfc062723c751e8b465ee728b)
Start importing Assets/Prefabs/Coin Bounce.prefab using Guid(dcc42ab8cb8a5f44794b49cbda0566db) Importer(815301076,1909f56bfc062723c751e8b465ee728b)  -> (artifact id: 'd475c8adf69697132f03c78fa2f4192c') in 0.134152 seconds 
========================================================================
Received Import Request.
  Time since last request: 0.000031 seconds.
  path: Assets/Prefabs/Enemy.prefab
  artifactKey: Guid(fcde00db8aef0f44ca9071f68bca99b8) Importer(815301076,1909f56bfc062723c751e8b465ee728b)
Start importing Assets/Prefabs/Enemy.prefab using Guid(fcde00db8aef0f44ca9071f68bca99b8) Importer(815301076,1909f56bfc062723c751e8b465ee728b)  -> (artifact id: '1da46b11256571af83407a14ba7cc442') in 0.012860 seconds 
========================================================================
Received Import Request.
  Time since last request: 0.000031 seconds.
  path: Assets/Prefabs/ExplodeCoinEffect.prefab
  artifactKey: Guid(7cff8bc1801f6444a9c73ddf2e1f3d46) Importer(815301076,1909f56bfc062723c751e8b465ee728b)
Start importing Assets/Prefabs/ExplodeCoinEffect.prefab using Guid(7cff8bc1801f6444a9c73ddf2e1f3d46) Importer(815301076,1909f56bfc062723c751e8b465ee728b)  -> (artifact id: 'f86cabee05a022f29c458cdb13c3da96') in 0.018748 seconds 
========================================================================
Received Import Request.
  Time since last request: 4.316693 seconds.
  path: Assets/Prefabs/Coin.prefab
  artifactKey: Guid(9f16d2b7e7a6a15478986e69962e3e1d) Importer(815301076,1909f56bfc062723c751e8b465ee728b)
Start importing Assets/Prefabs/Coin.prefab using Guid(9f16d2b7e7a6a15478986e69962e3e1d) Importer(815301076,1909f56bfc062723c751e8b465ee728b)  -> (artifact id: 'c9b9d117e3c9b486c22cd60463cc7ec3') in 0.013110 seconds 
========================================================================
Received Import Request.
  Time since last request: 0.000020 seconds.
  path: Assets/Prefabs/ExplodeEnemyEffect.prefab
  artifactKey: Guid(ab7c30bf0c7ba4a4dbfa7571dfb48a87) Importer(815301076,1909f56bfc062723c751e8b465ee728b)
Start importing Assets/Prefabs/ExplodeEnemyEffect.prefab using Guid(ab7c30bf0c7ba4a4dbfa7571dfb48a87) Importer(815301076,1909f56bfc062723c751e8b465ee728b)  -> (artifact id: 'be8b2e5b20b7da1fa0e322bd6fa27c77') in 0.008375 seconds 
Editor requested this worker to shutdown with reason: Scaling down because of idle timeout
AssetImportWorker is now disconnected from the server
Process exiting
Exiting without the bug reporter. Application will terminate with return code 0